生成启动时间为 2018/9/29 20:49:39。
     1>项目“E:\C程序\SSH2DLL\SSH2DLL\SSH2DLL.vcxproj”在节点 2 上(Build 个目标)。
     1>ClCompile:
         E:\Microsoft Visual Studio 11.0\VC\bin\x86_amd64\CL.exe /c /Zi /nologo /W1 /WX- /O2 /Gm- /EHsc /MD /GS /fp:precise /Zc:wchar_t /Zc:forScope /Fo"x64\Release\\" /Fd"x64\Release\vc110.pdb" /Gd /TP /errorReport:prompt AssemblyInfo.cpp Channel.cpp Ssh2.cpp Ssh2.h SSH2DLL.cpp Stdafx.cpp
         AssemblyInfo.cpp
     1>AssemblyInfo.cpp(3): error C2871: “System”: 具有该名称的命名空间不存在
     1>AssemblyInfo.cpp(4): error C2653: “System”: 不是类或命名空间名称
     1>AssemblyInfo.cpp(4): error C2871: “Reflection”: 具有该名称的命名空间不存在
     1>AssemblyInfo.cpp(5): error C2653: “System”: 不是类或命名空间名称
     1>AssemblyInfo.cpp(5): error C2871: “CompilerServices”: 具有该名称的命名空间不存在
     1>AssemblyInfo.cpp(6): error C2653: “System”: 不是类或命名空间名称
     1>AssemblyInfo.cpp(6): error C2871: “InteropServices”: 具有该名称的命名空间不存在
     1>AssemblyInfo.cpp(7): error C2653: “System”: 不是类或命名空间名称
     1>AssemblyInfo.cpp(7): error C2871: “Permissions”: 具有该名称的命名空间不存在
     1>AssemblyInfo.cpp(14): error C2337: “AssemblyTitleAttribute”: 未找到特性
     1>AssemblyInfo.cpp(15): error C2337: “AssemblyDescriptionAttribute”: 未找到特性
     1>AssemblyInfo.cpp(16): error C2337: “AssemblyConfigurationAttribute”: 未找到特性
     1>AssemblyInfo.cpp(17): error C2337: “AssemblyCompanyAttribute”: 未找到特性
     1>AssemblyInfo.cpp(18): error C2337: “AssemblyProductAttribute”: 未找到特性
     1>AssemblyInfo.cpp(19): error C2337: “AssemblyCopyrightAttribute”: 未找到特性
     1>AssemblyInfo.cpp(20): error C2337: “AssemblyTrademarkAttribute”: 未找到特性
     1>AssemblyInfo.cpp(21): error C2337: “AssemblyCultureAttribute”: 未找到特性
     1>AssemblyInfo.cpp(34): error C2337: “AssemblyVersionAttribute”: 未找到特性
     1>AssemblyInfo.cpp(36): error C2337: “ComVisible”: 未找到特性
     1>AssemblyInfo.cpp(38): error C2337: “CLSCompliantAttribute”: 未找到特性
     1>AssemblyInfo.cpp(40): error C2337: “SecurityPermission”: 未找到特性
     1>AssemblyInfo.cpp(40): error C2653: “SecurityAction”: 不是类或命名空间名称
     1>AssemblyInfo.cpp(40): error C2065: “RequestMinimum”: 未声明的标识符
                 “RequestMinimum”两侧缺少引号("")?
         Channel.cpp
     1>e:\c程序\ssh2dll\ssh2dll\Channel.h(7): fatal error C1083: 无法打开包括文件:“sys/socket.h”: No such file or directory
         Ssh2.cpp
     1>e:\c程序\ssh2dll\ssh2dll\Ssh2.h(5): fatal error C1083: 无法打开包括文件:“sys/socket.h”: No such file or directory
         Ssh2.h
     1>Ssh2.h(5): fatal error C1083: 无法打开包括文件:“sys/socket.h”: No such file or directory
         SSH2DLL.cpp
     1>e:\c程序\ssh2dll\ssh2dll\Channel.h(7): fatal error C1083: 无法打开包括文件:“sys/socket.h”: No such file or directory
         Stdafx.cpp
         正在生成代码...
     1>已完成生成项目“E:\C程序\SSH2DLL\SSH2DLL\SSH2DLL.vcxproj”(Build 个目标)的操作 - 失败。

生成失败。

已用时间 00:00:00.35
